<?xml version="1.0" encoding="UTF-8"?>
<testsuite name="gradletest.GradleTestApplicationTests" tests="1" skipped="0" failures="0" errors="0" timestamp="2022-12-05T08:06:15" hostname="ELD800" time="0.45">
  <properties/>
  <testcase name="contextLoads()" classname="gradletest.GradleTestApplicationTests" time="0.45"/>
  <system-out><![CDATA[17:06:12.736 [Test worker] DEBUG org.springframework.test.context.BootstrapUtils - Instantiating CacheAwareContextLoaderDelegate from class [org.springframework.test.context.cache.DefaultCacheAwareContextLoaderDelegate]
17:06:12.747 [Test worker] DEBUG org.springframework.test.context.BootstrapUtils - Instantiating BootstrapContext using constructor [public org.springframework.test.context.support.DefaultBootstrapContext(java.lang.Class,org.springframework.test.context.CacheAwareContextLoaderDelegate)]
17:06:12.781 [Test worker] DEBUG org.springframework.test.context.BootstrapUtils - Instantiating TestContextBootstrapper for test class [gradletest.GradleTestApplicationTests] from class [org.springframework.boot.test.context.SpringBootTestContextBootstrapper]
17:06:12.790 [Test worker] INFO org.springframework.boot.test.context.SpringBootTestContextBootstrapper - Neither @ContextConfiguration nor @ContextHierarchy found for test class [gradletest.GradleTestApplicationTests], using SpringBootContextLoader
17:06:12.794 [Test worker] DEBUG org.springframework.test.context.support.AbstractContextLoader - Did not detect default resource location for test class [gradletest.GradleTestApplicationTests]: class path resource [gradletest/GradleTestApplicationTests-context.xml] does not exist
17:06:12.794 [Test worker] DEBUG org.springframework.test.context.support.AbstractContextLoader - Did not detect default resource location for test class [gradletest.GradleTestApplicationTests]: class path resource [gradletest/GradleTestApplicationTestsContext.groovy] does not exist
17:06:12.794 [Test worker] INFO org.springframework.test.context.support.AbstractContextLoader - Could not detect default resource locations for test class [gradletest.GradleTestApplicationTests]: no resource found for suffixes {-context.xml, Context.groovy}.
17:06:12.795 [Test worker] INFO org.springframework.test.context.support.AnnotationConfigContextLoaderUtils - Could not detect default configuration classes for test class [gradletest.GradleTestApplicationTests]: GradleTestApplicationTests does not declare any static, non-private, non-final, nested classes annotated with @Configuration.
17:06:12.831 [Test worker] DEBUG org.springframework.test.context.support.ActiveProfilesUtils - Could not find an 'annotation declaring class' for annotation type [org.springframework.test.context.ActiveProfiles] and class [gradletest.GradleTestApplicationTests]
17:06:12.882 [Test worker] DEBUG org.springframework.context.annotation.ClassPathScanningCandidateComponentProvider - Identified candidate component class: file [C:\Users\Administrator\Documents\workspace-sts\gradle-test\test\classes\java\main\gradletest\GradleTestApplication.class]
17:06:12.883 [Test worker] INFO org.springframework.boot.test.context.SpringBootTestContextBootstrapper - Found @SpringBootConfiguration gradletest.GradleTestApplication for test class gradletest.GradleTestApplicationTests
17:06:13.008 [Test worker] DEBUG org.springframework.boot.test.context.SpringBootTestContextBootstrapper - @TestExecutionListeners is not present for class [gradletest.GradleTestApplicationTests]: using defaults.
17:06:13.009 [Test worker] INFO org.springframework.boot.test.context.SpringBootTestContextBootstrapper - Loaded default TestExecutionListener class names from location [META-INF/spring.factories]: [org.springframework.boot.test.autoconfigure.restdocs.RestDocsTestExecutionListener, org.springframework.boot.test.autoconfigure.web.client.MockRestServiceServerResetTestExecutionListener, org.springframework.boot.test.autoconfigure.web.servlet.MockMvcPrintOnlyOnFailureTestExecutionListener, org.springframework.boot.test.autoconfigure.web.servlet.WebDriverTestExecutionListener, org.springframework.boot.test.autoconfigure.webservices.client.MockWebServiceServerTestExecutionListener, org.springframework.boot.test.mock.mockito.MockitoTestExecutionListener, org.springframework.boot.test.mock.mockito.ResetMocksTestExecutionListener, org.springframework.test.context.web.ServletTestExecutionListener, org.springframework.test.context.support.DirtiesContextBeforeModesTestExecutionListener, org.springframework.test.context.event.ApplicationEventsTestExecutionListener, org.springframework.test.context.support.DependencyInjectionTestExecutionListener, org.springframework.test.context.support.DirtiesContextTestExecutionListener, org.springframework.test.context.transaction.TransactionalTestExecutionListener, org.springframework.test.context.jdbc.SqlScriptsTestExecutionListener, org.springframework.test.context.event.EventPublishingTestExecutionListener]
17:06:13.021 [Test worker] DEBUG org.springframework.boot.test.context.SpringBootTestContextBootstrapper - Skipping candidate TestExecutionListener [org.springframework.test.context.transaction.TransactionalTestExecutionListener] due to a missing dependency. Specify custom listener classes or make the default listener classes and their required dependencies available. Offending class: [org/springframework/transaction/interceptor/TransactionAttributeSource]
17:06:13.021 [Test worker] DEBUG org.springframework.boot.test.context.SpringBootTestContextBootstrapper - Skipping candidate TestExecutionListener [org.springframework.test.context.jdbc.SqlScriptsTestExecutionListener] due to a missing dependency. Specify custom listener classes or make the default listener classes and their required dependencies available. Offending class: [org/springframework/transaction/interceptor/TransactionAttribute]
17:06:13.022 [Test worker] INFO org.springframework.boot.test.context.SpringBootTestContextBootstrapper - Using TestExecutionListeners: [org.springframework.test.context.web.ServletTestExecutionListener@600b0b7, org.springframework.test.context.support.DirtiesContextBeforeModesTestExecutionListener@345e5a17, org.springframework.test.context.event.ApplicationEventsTestExecutionListener@5ea502e0, org.springframework.boot.test.mock.mockito.MockitoTestExecutionListener@443dbe42, org.springframework.boot.test.autoconfigure.SpringBootDependencyInjectionTestExecutionListener@473b3b7a, org.springframework.test.context.support.DirtiesContextTestExecutionListener@1734f68, org.springframework.test.context.event.EventPublishingTestExecutionListener@77b7ffa4, org.springframework.boot.test.autoconfigure.restdocs.RestDocsTestExecutionListener@5ed190be, org.springframework.boot.test.autoconfigure.web.client.MockRestServiceServerResetTestExecutionListener@402f80f5, org.springframework.boot.test.autoconfigure.web.servlet.MockMvcPrintOnlyOnFailureTestExecutionListener@5bbc9f97, org.springframework.boot.test.autoconfigure.web.servlet.WebDriverTestExecutionListener@133e019b, org.springframework.boot.test.autoconfigure.webservices.client.MockWebServiceServerTestExecutionListener@41382722, org.springframework.boot.test.mock.mockito.ResetMocksTestExecutionListener@7dac3fd8]
17:06:13.025 [Test worker] DEBUG org.springframework.test.context.support.AbstractDirtiesContextTestExecutionListener - Before test class: context [DefaultTestContext@5528a42c testClass = GradleTestApplicationTests, testInstance = [null], testMethod = [null], testException = [null], mergedContextConfiguration = [WebMergedContextConfiguration@2a551a63 testClass = GradleTestApplicationTests, locations = '{}', classes = '{class gradletest.GradleTestApplication}', contextInitializerClasses = '[]', activeProfiles = '{}', propertySourceLocations = '{}', propertySourceProperties = '{org.springframework.boot.test.context.SpringBootTestContextBootstrapper=true}', contextCustomizers = set[org.springframework.boot.test.autoconfigure.actuate.metrics.MetricsExportContextCustomizerFactory$DisableMetricExportContextCustomizer@78fbff54, org.springframework.boot.test.autoconfigure.properties.PropertyMappingContextCustomizer@0, org.springframework.boot.test.autoconfigure.web.servlet.WebDriverContextCustomizerFactory$Customizer@1cbf6e72, org.springframework.boot.test.context.filter.ExcludeFilterContextCustomizer@25b2cfcb, org.springframework.boot.test.json.DuplicateJsonObjectContextCustomizerFactory$DuplicateJsonObjectContextCustomizer@21baa903, org.springframework.boot.test.mock.mockito.MockitoContextCustomizer@0, org.springframework.boot.test.web.client.TestRestTemplateContextCustomizer@20a8a64e, org.springframework.boot.test.context.SpringBootTestArgs@1, org.springframework.boot.test.context.SpringBootTestWebEnvironment@1f760b47], resourceBasePath = 'src/main/webapp', contextLoader = 'org.springframework.boot.test.context.SpringBootContextLoader', parent = [null]], attributes = map['org.springframework.test.context.web.ServletTestExecutionListener.activateListener' -> true]], class annotated with @DirtiesContext [false] with mode [null].

  .   ____          _            __ _ _
 /\\ / ___'_ __ _ _(_)_ __  __ _ \ \ \ \
( ( )\___ | '_ | '_| | '_ \/ _` | \ \ \ \
 \\/  ___)| |_)| | | | | || (_| |  ) ) ) )
  '  |____| .__|_| |_|_| |_\__, | / / / /
 =========|_|==============|___/=/_/_/_/
 :: Spring Boot ::                (v2.7.6)

2022-12-05 17:06:13.364  INFO 13688 --- [    Test worker] gradletest.GradleTestApplicationTests    : Starting GradleTestApplicationTests using Java 15.0.2 on ELD800 with PID 13688 (started by Administrator in C:\Users\Administrator\Documents\workspace-sts\gradle-test)
2022-12-05 17:06:13.366  INFO 13688 --- [    Test worker] gradletest.GradleTestApplicationTests    : No active profile set, falling back to 1 default profile: "default"
2022-12-05 17:06:15.030  INFO 13688 --- [    Test worker] gradletest.GradleTestApplicationTests    : Started GradleTestApplicationTests in 1.969 seconds (JVM running for 3.339)
]]></system-out>
  <system-err><![CDATA[]]></system-err>
</testsuite>
